# JRE version: Java(TM) SE Runtime Environment (8.0_31-b13) (build 1.8.0_31-b13)
# Java VM: Java HotSpot(TM) 64-Bit Server VM (25.31-b07 mixed mode bsd-amd64 compressed oops)
Heap:
 PSYoungGen      total 37888K, used 6360K [0x0000000795580000, 0x0000000799280000, 0x00000007c0000000)
  eden space 32768K, 7% used [0x0000000795580000,0x000000079580e218,0x0000000797580000)
  from space 5120K, 73% used [0x0000000797600000,0x00000007979a8000,0x0000000797b00000)
  to   space 14848K, 0% used [0x0000000798400000,0x0000000798400000,0x0000000799280000)
 ParOldGen       total 57856K, used 12430K [0x0000000740000000, 0x0000000743880000, 0x0000000795580000)
  object space 57856K, 21% used [0x0000000740000000,0x0000000740c23b30,0x0000000743880000)
 Metaspace       used 22096K, capacity 23304K, committed 23472K, reserved 1069056K
  class space    used 2992K, capacity 3203K, committed 3248K, reserved 1048576K
GC Heap History (10 events):
Event: 10.598 GC heap before
{Heap before GC invocations=2 (full 0):
 PSYoungGen      total 38400K, used 33730K [0x0000000795580000, 0x0000000798000000, 0x00000007c0000000)
  eden space 33280K, 87% used [0x0000000795580000,0x00000007971dad10,0x0000000797600000)
  from space 5120K, 91% used [0x0000000797600000,0x0000000797a95eb0,0x0000000797b00000)
  to   space 5120K, 0% used [0x0000000797b00000,0x0000000797b00000,0x0000000798000000)
 ParOldGen       total 87552K, used 80K [0x0000000740000000, 0x0000000745580000, 0x0000000795580000)
  object space 87552K, 0% used [0x0000000740000000,0x0000000740014010,0x0000000745580000)
 Metaspace       used 20273K, capacity 21246K, committed 21296K, reserved 1067008K
  class space    used 2880K, capacity 3080K, committed 3120K, reserved 1048576K
Event: 10.615 GC heap after
Heap after GC invocations=2 (full 0):
 PSYoungGen      total 38400K, used 5111K [0x0000000795580000, 0x0000000798000000, 0x00000007c0000000)
  eden space 33280K, 0% used [0x0000000795580000,0x0000000795580000,0x0000000797600000)
  from space 5120K, 99% used [0x0000000797b00000,0x0000000797ffdeb0,0x0000000798000000)
  to   space 5120K, 0% used [0x0000000797600000,0x0000000797600000,0x0000000797b00000)
 ParOldGen       total 87552K, used 9480K [0x0000000740000000, 0x0000000745580000, 0x0000000795580000)
  object space 87552K, 10% used [0x0000000740000000,0x00000007409420f0,0x0000000745580000)
 Metaspace       used 20273K, capacity 21246K, committed 21296K, reserved 1067008K
  class space    used 2880K, capacity 3080K, committed 3120K, reserved 1048576K
}
Event: 10.615 GC heap before
{Heap before GC invocations=3 (full 1):
 PSYoungGen      total 38400K, used 5111K [0x0000000795580000, 0x0000000798000000, 0x00000007c0000000)
  eden space 33280K, 0% used [0x0000000795580000,0x0000000795580000,0x0000000797600000)
  from space 5120K, 99% used [0x0000000797b00000,0x0000000797ffdeb0,0x0000000798000000)
  to   space 5120K, 0% used [0x0000000797600000,0x0000000797600000,0x0000000797b00000)
 ParOldGen       total 87552K, used 9480K [0x0000000740000000, 0x0000000745580000, 0x0000000795580000)
  object space 87552K, 10% used [0x0000000740000000,0x00000007409420f0,0x0000000745580000)
 Metaspace       used 20273K, capacity 21246K, committed 21296K, reserved 1067008K
  class space    used 2880K, capacity 3080K, committed 3120K, reserved 1048576K
Event: 10.665 GC heap after
Heap after GC invocations=3 (full 1):
 PSYoungGen      total 38400K, used 0K [0x0000000795580000, 0x0000000798000000, 0x00000007c0000000)
  eden space 33280K, 0% used [0x0000000795580000,0x0000000795580000,0x0000000797600000)
  from space 5120K, 0% used [0x0000000797b00000,0x0000000797b00000,0x0000000798000000)
  to   space 5120K, 0% used [0x0000000797600000,0x0000000797600000,0x0000000797b00000)
 ParOldGen       total 57856K, used 12414K [0x0000000740000000, 0x0000000743880000, 0x0000000795580000)
  object space 57856K, 21% used [0x0000000740000000,0x0000000740c1fb30,0x0000000743880000)
 Metaspace       used 20272K, capacity 21244K, committed 21296K, reserved 1067008K
  class space    used 2880K, capacity 3079K, committed 3120K, reserved 1048576K
}
Event: 232.804 GC heap before
{Heap before GC invocations=4 (full 1):
 PSYoungGen      total 38400K, used 33280K [0x0000000795580000, 0x0000000798000000, 0x00000007c0000000)
  eden space 33280K, 100% used [0x0000000795580000,0x0000000797600000,0x0000000797600000)
  from space 5120K, 0% used [0x0000000797b00000,0x0000000797b00000,0x0000000798000000)
  to   space 5120K, 0% used [0x0000000797600000,0x0000000797600000,0x0000000797b00000)
 ParOldGen       total 57856K, used 12414K [0x0000000740000000, 0x0000000743880000, 0x0000000795580000)
  object space 57856K, 21% used [0x0000000740000000,0x0000000740c1fb30,0x0000000743880000)
 Metaspace       used 22065K, capacity 23216K, committed 23472K, reserved 1069056K
  class space    used 2989K, capacity 3197K, committed 3248K, reserved 1048576K
Event: 232.813 GC heap after
Heap after GC invocations=4 (full 1):
 PSYoungGen      total 38400K, used 3840K [0x0000000795580000, 0x0000000798000000, 0x00000007c0000000)
  eden space 33280K, 0% used [0x0000000795580000,0x0000000795580000,0x0000000797600000)
  from space 5120K, 75% used [0x0000000797600000,0x00000007979c0000,0x0000000797b00000)
  to   space 5120K, 0% used [0x0000000797b00000,0x0000000797b00000,0x0000000798000000)
 ParOldGen       total 57856K, used 12422K [0x0000000740000000, 0x0000000743880000, 0x0000000795580000)
  object space 57856K, 21% used [0x0000000740000000,0x0000000740c21b30,0x0000000743880000)
 Metaspace       used 22065K, capacity 23216K, committed 23472K, reserved 1069056K
  class space    used 2989K, capacity 3197K, committed 3248K, reserved 1048576K
}
Event: 734.387 GC heap before
{Heap before GC invocations=5 (full 1):
 PSYoungGen      total 38400K, used 37120K [0x0000000795580000, 0x0000000798000000, 0x00000007c0000000)
  eden space 33280K, 100% used [0x0000000795580000,0x0000000797600000,0x0000000797600000)
  from space 5120K, 75% used [0x0000000797600000,0x00000007979c0000,0x0000000797b00000)
  to   space 5120K, 0% used [0x0000000797b00000,0x0000000797b00000,0x0000000798000000)
 ParOldGen       total 57856K, used 12422K [0x0000000740000000, 0x0000000743880000, 0x0000000795580000)
  object space 57856K, 21% used [0x0000000740000000,0x0000000740c21b30,0x0000000743880000)
 Metaspace       used 22070K, capacity 23216K, committed 23472K, reserved 1069056K
  class space    used 2989K, capacity 3197K, committed 3248K, reserved 1048576K
Event: 734.396 GC heap after
Heap after GC invocations=5 (full 1):
 PSYoungGen      total 38400K, used 3808K [0x0000000795580000, 0x0000000798000000, 0x00000007c0000000)
  eden space 33280K, 0% used [0x0000000795580000,0x0000000795580000,0x0000000797600000)
  from space 5120K, 74% used [0x0000000797b00000,0x0000000797eb8000,0x0000000798000000)
  to   space 5120K, 0% used [0x0000000797600000,0x0000000797600000,0x0000000797b00000)
 ParOldGen       total 57856K, used 12430K [0x0000000740000000, 0x0000000743880000, 0x0000000795580000)
  object space 57856K, 21% used [0x0000000740000000,0x0000000740c23b30,0x0000000743880000)
 Metaspace       used 22070K, capacity 23216K, committed 23472K, reserved 1069056K
  class space    used 2989K, capacity 3197K, committed 3248K, reserved 1048576K
}
Event: 1217.072 GC heap before
{Heap before GC invocations=6 (full 1):
 PSYoungGen      total 38400K, used 37088K [0x0000000795580000, 0x0000000798000000, 0x00000007c0000000)
  eden space 33280K, 100% used [0x0000000795580000,0x0000000797600000,0x0000000797600000)
  from space 5120K, 74% used [0x0000000797b00000,0x0000000797eb8000,0x0000000798000000)
  to   space 5120K, 0% used [0x0000000797600000,0x0000000797600000,0x0000000797b00000)
 ParOldGen       total 57856K, used 12430K [0x0000000740000000, 0x0000000743880000, 0x0000000795580000)
  object space 57856K, 21% used [0x0000000740000000,0x0000000740c23b30,0x0000000743880000)
 Metaspace       used 22081K, capacity 23280K, committed 23472K, reserved 1069056K
  class space    used 2989K, capacity 3197K, committed 3248K, reserved 1048576K
Event: 1217.081 GC heap after
Heap after GC invocations=6 (full 1):
 PSYoungGen      total 37888K, used 3744K [0x0000000795580000, 0x0000000799280000, 0x00000007c0000000)
  eden space 32768K, 0% used [0x0000000795580000,0x0000000795580000,0x0000000797580000)
  from space 5120K, 73% used [0x0000000797600000,0x00000007979a8000,0x0000000797b00000)
  to   space 14848K, 0% used [0x0000000798400000,0x0000000798400000,0x0000000799280000)
 ParOldGen       total 57856K, used 12430K [0x0000000740000000, 0x0000000743880000, 0x0000000795580000)
  object space 57856K, 21% used [0x0000000740000000,0x0000000740c23b30,0x0000000743880000)
 Metaspace       used 22081K, capacity 23280K, committed 23472K, reserved 1069056K
  class space    used 2989K, capacity 3197K, committed 3248K, reserved 1048576K
}

